<?xml version="1.0" encoding="UTF-8"?>
<testng-results ignored="0" total="2" passed="1" failed="1" skipped="0">
  <reporter-output>
  </reporter-output>
  <suite started-at="2022-12-03T17:18:37Z" name="RegressionAutomatedQA" finished-at="2022-12-03T17:18:38Z" duration-ms="763">
    <groups>
    </groups>
    <test started-at="2022-12-03T17:18:37Z" name="TC02_LoginError" finished-at="2022-12-03T17:18:38Z" duration-ms="701">
      <class name="loginTests.TC02_LoginError">
        <test-method is-config="true" signature="startWebDriver()[pri:0, instance:loginTests.TC02_LoginError@7026b7ee]" started-at="2022-12-03T11:18:37Z" name="startWebDriver" finished-at="2022-12-03T11:18:38Z" duration-ms="332" status="PASS">
          <reporter-output>
          </reporter-output>
        </test-method> <!-- startWebDriver -->
        <test-method signature="TC02()[pri:0, instance:loginTests.TC02_LoginError@7026b7ee]" started-at="2022-12-03T11:18:38Z" name="TC02" finished-at="2022-12-03T11:18:38Z" duration-ms="173" status="FAIL">
          <exception class="java.lang.AssertionError">
            <message>
              <![CDATA[expected [true] but found [false]]]>
            </message>
            <full-stacktrace>
              <![CDATA[java.lang.AssertionError: expected [true] but found [false]
	at org.testng.Assert.fail(Assert.java:94)
	at org.testng.Assert.failNotEquals(Assert.java:513)
	at org.testng.Assert.assertTrue(Assert.java:42)
	at org.testng.Assert.assertTrue(Assert.java:52)
	at loginTests.TC02_LoginError.TC02(TC02_LoginError.java:29)
	at java.base/jdk.internal.reflect.NativeMethodAccessorImpl.invoke0(Native Method)
	at java.base/jdk.internal.reflect.NativeMethodAccessorImpl.invoke(NativeMethodAccessorImpl.java:77)
	at java.base/jdk.internal.reflect.DelegatingMethodAccessorImpl.invoke(DelegatingMethodAccessorImpl.java:43)
	at java.base/java.lang.reflect.Method.invoke(Method.java:568)
	at org.testng.internal.MethodInvocationHelper.invokeMethod(MethodInvocationHelper.java:104)
	at org.testng.internal.Invoker.invokeMethod(Invoker.java:645)
	at org.testng.internal.Invoker.invokeTestMethod(Invoker.java:851)
	at org.testng.internal.Invoker.invokeTestMethods(Invoker.java:1177)
	at org.testng.internal.TestMethodWorker.invokeTestMethods(TestMethodWorker.java:129)
	at org.testng.internal.TestMethodWorker.run(TestMethodWorker.java:112)
	at org.testng.TestRunner.privateRun(TestRunner.java:756)
	at org.testng.TestRunner.run(TestRunner.java:610)
	at org.testng.SuiteRunner.runTest(SuiteRunner.java:387)
	at org.testng.SuiteRunner.access$000(SuiteRunner.java:39)
	at org.testng.SuiteRunner$SuiteWorker.run(SuiteRunner.java:421)
	at org.testng.internal.thread.ThreadUtil$2.call(ThreadUtil.java:64)
	at java.base/java.util.concurrent.FutureTask.run(FutureTask.java:264)
	at java.base/java.util.concurrent.ThreadPoolExecutor.runWorker(ThreadPoolExecutor.java:1136)
	at java.base/java.util.concurrent.ThreadPoolExecutor$Worker.run(ThreadPoolExecutor.java:635)
	at java.base/java.lang.Thread.run(Thread.java:833)
]]>
            </full-stacktrace>
          </exception> <!-- java.lang.AssertionError -->
          <reporter-output>
          </reporter-output>
        </test-method> <!-- TC02 -->
        <test-method is-config="true" signature="closeDriver()[pri:0, instance:loginTests.TC02_LoginError@7026b7ee]" started-at="2022-12-03T11:18:38Z" name="closeDriver" finished-at="2022-12-03T11:18:38Z" duration-ms="179" status="PASS">
          <reporter-output>
          </reporter-output>
        </test-method> <!-- closeDriver -->
      </class> <!-- loginTests.TC02_LoginError -->
    </test> <!-- TC02_LoginError -->
    <test started-at="2022-12-03T17:18:37Z" name="TC01_Login" finished-at="2022-12-03T17:18:38Z" duration-ms="763">
      <class name="loginTests.TC01_Login">
        <test-method is-config="true" signature="startWebDriver()[pri:0, instance:loginTests.TC01_Login@f1a45f8]" started-at="2022-12-03T11:18:37Z" name="startWebDriver" finished-at="2022-12-03T11:18:38Z" duration-ms="326" status="PASS">
          <reporter-output>
          </reporter-output>
        </test-method> <!-- startWebDriver -->
        <test-method signature="TC01()[pri:0, instance:loginTests.TC01_Login@f1a45f8]" started-at="2022-12-03T11:18:38Z" name="TC01" finished-at="2022-12-03T11:18:38Z" duration-ms="207" status="PASS">
          <reporter-output>
          </reporter-output>
        </test-method> <!-- TC01 -->
        <test-method is-config="true" signature="closeDriver()[pri:0, instance:loginTests.TC01_Login@f1a45f8]" started-at="2022-12-03T11:18:38Z" name="closeDriver" finished-at="2022-12-03T11:18:38Z" duration-ms="213" status="PASS">
          <reporter-output>
          </reporter-output>
        </test-method> <!-- closeDriver -->
      </class> <!-- loginTests.TC01_Login -->
    </test> <!-- TC01_Login -->
  </suite> <!-- RegressionAutomatedQA -->
</testng-results>
